<?xml version="1.0" encoding="UTF-8"?>
<testsuite xmlns:xsi="http://www.w3.org/2001/XMLSchema-instance" xsi:schemaLocation="https://maven.apache.org/surefire/maven-surefire-plugin/xsd/surefire-test-report.xsd" name="TestSuite" time="5.989" tests="1" errors="0" skipped="1" failures="0">
  <properties>
[...]
</properties>
  <testcase name="feature" classname="testrunner" time="0">
    <skipped message="&#10;Method public void testrunner.feature(cucumber.api.testng.CucumberFeatureWrapper) requires a @DataProvider named : Features"/>
  </testcase>
</testsuite>