<?xml version="1.0" encoding="UTF-8"?>
<testng-results total="1" passed="0" failed="0" skipped="1">
  <reporter-output>
  </reporter-output>
  <suite started-at="2019-09-29T19:18:31Z" name="BDD Test Suite" finished-at="2019-09-29T19:18:33Z" duration-ms="1442">
    <groups>
      <group name="cucumber">
        <method signature="testrunner.feature(cucumber.api.testng.CucumberFeatureWrapper)[pri:0, instance:testrunner@69379752]" name="feature" class="testrunner"/>
      </group> <!-- cucumber -->
    </groups>
    <test started-at="2019-09-29T19:18:31Z" name="Login and Update Profile Test" finished-at="2019-09-29T19:18:33Z" duration-ms="1442">
      <class name="testrunner">
        <test-method is-config="true" signature="setUpClass()[pri:0, instance:testrunner@69379752]" started-at="2019-09-29T20:18:32Z" name="setUpClass" finished-at="2019-09-29T20:18:33Z" duration-ms="1129" status="PASS">
          <reporter-output>
          </reporter-output>
        </test-method> <!-- setUpClass -->
        <test-method signature="feature(cucumber.api.testng.CucumberFeatureWrapper)[pri:0, instance:testrunner@69379752]" started-at="2019-09-29T20:18:33Z" name="feature" description="Runs Cucumber Feature" data-provider="Features" finished-at="2019-09-29T20:18:33Z" duration-ms="0" status="SKIP">
          <exception class="org.testng.TestNGException">
            <message>
              <![CDATA[
Method public void testrunner.feature(cucumber.api.testng.CucumberFeatureWrapper) requires a @DataProvider named : Features]]>
            </message>
            <full-stacktrace>
              <![CDATA[org.testng.TestNGException: 
Method public void testrunner.feature(cucumber.api.testng.CucumberFeatureWrapper) requires a @DataProvider named : Features
	at org.testng.internal.Parameters.findDataProvider(Parameters.java:263)
	at org.testng.internal.Parameters.handleParameters(Parameters.java:419)
	at org.testng.internal.Invoker.handleParameters(Invoker.java:1270)
	at org.testng.internal.Invoker.createParameters(Invoker.java:985)
	at org.testng.internal.Invoker.invokeTestMethods(Invoker.java:1075)
	at org.testng.internal.TestMethodWorker.invokeTestMethods(TestMethodWorker.java:125)
	at org.testng.internal.TestMethodWorker.run(TestMethodWorker.java:108)
	at org.testng.TestRunner.privateRun(TestRunner.java:774)
	at org.testng.TestRunner.run(TestRunner.java:624)
	at org.testng.SuiteRunner.runTest(SuiteRunner.java:359)
	at org.testng.SuiteRunner.access$000(SuiteRunner.java:39)
	at org.testng.SuiteRunner$SuiteWorker.run(SuiteRunner.java:393)
	at org.testng.internal.thread.ThreadUtil$2.call(ThreadUtil.java:64)
	at java.base/java.util.concurrent.FutureTask.run(FutureTask.java:264)
	at java.base/java.util.concurrent.ThreadPoolExecutor.runWorker(ThreadPoolExecutor.java:1128)
	at java.base/java.util.concurrent.ThreadPoolExecutor$Worker.run(ThreadPoolExecutor.java:628)
	at java.base/java.lang.Thread.run(Thread.java:835)
]]>
            </full-stacktrace>
          </exception> <!-- org.testng.TestNGException -->
          <reporter-output>
          </reporter-output>
        </test-method> <!-- feature -->
        <test-method is-config="true" signature="tearDownClass()[pri:0, instance:testrunner@69379752]" started-at="2019-09-29T20:18:33Z" name="tearDownClass" finished-at="2019-09-29T20:18:33Z" duration-ms="259" status="PASS">
          <reporter-output>
          </reporter-output>
        </test-method> <!-- tearDownClass -->
      </class> <!-- testrunner -->
    </test> <!-- Login and Update Profile Test -->
  </suite> <!-- BDD Test Suite -->
</testng-results>
